Unity Editor version:    2020.3.26f1 (7298b473bc1a)
Branch:                  2020.3/staging
Build type:              Release
Batch mode:              YES
macOS version:           Version 12.1 (Build 21C52)
Darwin version:          21.2.0
Architecture:            x86_64
Running under Rosetta:   YES
Available memory:        16384 MB
Using pre-set license
Pro License: NO

COMMAND LINE ARGUMENTS:
/Applications/Unity/Hub/Editor/2020.3.26f1/Unity.app/Contents/MacOS/Unity
-adb2
-batchMode
-noUpm
-name
AssetImportWorker0
-projectPath
/Users/luis/Documents/UnityProjects/ProjectRampage
-logFile
Logs/AssetImportWorker0.log
-srvPort
53870
Successfully changed project path to: /Users/luis/Documents/UnityProjects/ProjectRampage
/Users/luis/Documents/UnityProjects/ProjectRampage
Using Asset Import Pipeline V2.
Refreshing native plugins compatible for Editor in 41.99 ms, found 3 plugins.
Preloading 0 native plugins for Editor in 0.00 ms.
Initialize engine version: 2020.3.26f1 (7298b473bc1a)
[Subsystems] Discovering subsystems at path /Applications/Unity/Hub/Editor/2020.3.26f1/Unity.app/Contents/Resources/UnitySubsystems
[Subsystems] Discovering subsystems at path /Users/luis/Documents/UnityProjects/ProjectRampage/Assets
GfxDevice: creating device client; threaded=0
2022-03-02 10:30:37.389 Unity[40940:1453812] (null) preferred device: Apple M1 (high power)
2022-03-02 10:30:37.389 Unity[40940:1453812] Metal devices available: 1
2022-03-02 10:30:37.389 Unity[40940:1453812] 0: Apple M1 (high power)
2022-03-02 10:30:37.389 Unity[40940:1453812] Using device Apple M1 (high power)
Initializing Metal device caps: Apple M1
Initialize mono
Mono path[0] = '/Applications/Unity/Hub/Editor/2020.3.26f1/Unity.app/Contents/Managed'
Mono path[1] = '/Applications/Unity/Hub/Editor/2020.3.26f1/Unity.app/Contents/MonoBleedingEdge/lib/mono/unityjit'
Mono config path = '/Applications/Unity/Hub/Editor/2020.3.26f1/Unity.app/Contents/MonoBleedingEdge/etc'
Using monoOptions --debugger-agent=transport=dt_socket,embedding=1,server=y,suspend=n,address=127.0.0.1:56940
Begin MonoManager ReloadAssembly
Registering precompiled unity dll's ...
Register platform support module: /Applications/Unity/Hub/Editor/2020.3.26f1/PlaybackEngines/WebGLSupport/UnityEditor.WebGL.Extensions.dll
Register platform support module: /Applications/Unity/Hub/Editor/2020.3.26f1/Unity.app/Contents/PlaybackEngines/MacStandaloneSupport/UnityEditor.OSXStandalone.Extensions.dll
Registered in 0.000452 seconds.
Native extension for OSXStandalone target not found
Native extension for WebGL target not found
Refreshing native plugins compatible for Editor in 44.15 ms, found 3 plugins.
Preloading 0 native plugins for Editor in 0.00 ms.
Mono: successfully reloaded assembly
- Completed reload, in  1.210 seconds
Domain Reload Profiling:
	ReloadAssembly (1210ms)
		BeginReloadAssembly (79ms)
			ExecutionOrderSort (0ms)
			DisableScriptedObjects (0ms)
			BackupInstance (0ms)
			ReleaseScriptingObjects (0ms)
			CreateAndSetChildDomain (3ms)
		EndReloadAssembly (1020ms)
			LoadAssemblies (76ms)
			RebuildTransferFunctionScriptingTraits (0ms)
			SetupTypeCache (172ms)
			ReleaseScriptCaches (0ms)
			RebuildScriptCaches (39ms)
			SetupLoadedEditorAssemblies (539ms)
				LogAssemblyErrors (0ms)
				InitializePlatformSupportModulesInManaged (14ms)
				SetLoadedEditorAssemblies (0ms)
				RefreshPlugins (44ms)
				BeforeProcessingInitializeOnLoad (81ms)
				ProcessInitializeOnLoadAttributes (299ms)
				ProcessInitializeOnLoadMethodAttributes (100ms)
				AfterProcessingInitializeOnLoad (0ms)
				EditorAssembliesLoaded (1ms)
			ExecutionOrderSort2 (0ms)
			AwakeInstancesAfterBackupRestoration (0ms)
Platform modules already initialized, skipping
Registering precompiled user dll's ...
Registered in 0.000870 seconds.
Begin MonoManager ReloadAssembly
Native extension for OSXStandalone target not found
Native extension for WebGL target not found
Refreshing native plugins compatible for Editor in 43.49 ms, found 3 plugins.
Preloading 0 native plugins for Editor in 0.00 ms.
Mono: successfully reloaded assembly
- Completed reload, in  2.166 seconds
Domain Reload Profiling:
	ReloadAssembly (2167ms)
		BeginReloadAssembly (240ms)
			ExecutionOrderSort (0ms)
			DisableScriptedObjects (31ms)
			BackupInstance (0ms)
			ReleaseScriptingObjects (0ms)
			CreateAndSetChildDomain (31ms)
		EndReloadAssembly (1841ms)
			LoadAssemblies (175ms)
			RebuildTransferFunctionScriptingTraits (0ms)
			SetupTypeCache (329ms)
			ReleaseScriptCaches (0ms)
			RebuildScriptCaches (54ms)
			SetupLoadedEditorAssemblies (983ms)
				LogAssemblyErrors (0ms)
				InitializePlatformSupportModulesInManaged (12ms)
				SetLoadedEditorAssemblies (0ms)
				RefreshPlugins (44ms)
				BeforeProcessingInitializeOnLoad (166ms)
				ProcessInitializeOnLoadAttributes (714ms)
				ProcessInitializeOnLoadMethodAttributes (46ms)
				AfterProcessingInitializeOnLoad (1ms)
				EditorAssembliesLoaded (0ms)
			ExecutionOrderSort2 (0ms)
			AwakeInstancesAfterBackupRestoration (31ms)
Platform modules already initialized, skipping
Validating Project structure ... 0.001896 seconds.
Shader import version has changed; will reimport all shaders...
Upgrading shader files ...0.010084 seconds.
Application.AssetDatabase Initial Script Refresh Start
RefreshInfo: InitialScriptRefreshV2(NoUpdateAssetOptions) scanfilter:  ... 1 filters
RefreshProfiler: Total: 0.000ms
Application.AssetDatabase Initial Script Refresh End
Application.AssetDatabase.Refresh Start
Application.AssetDatabase.Refresh End
RefreshInfo: StopAssetImportingV2(ForceSynchronousImport) scanfilter: 
RefreshProfiler: Total: 0.000ms
Launching external process: /Applications/Unity/Hub/Editor/2020.3.26f1/Unity.app/Contents/Tools/UnityShaderCompiler
Launched and connected shader compiler UnityShaderCompiler after 0.02 seconds
Initializing Unity extensions:
2022-03-02 10:30:41.483 Unity[40940:1453812] NSEventModifierFlagFunction specified to -setKeyEquivalentModifierMask: for item <NSMenuItem: 0x600003acde30 Font Asset, ke='Command-F12'>, but is only supported for system-provided menu items; will not be used
2022-03-02 10:30:41.487 Unity[40940:1453812] NSEventModifierFlagFunction specified to -setKeyEquivalentModifierMask: for item <NSMenuItem: 0x600003ab0700 Font Asset, ke='Command-F12'>, but is only supported for system-provided menu items; will not be used
========================================================================
Worker process is ready to serve import requests
Refreshing native plugins compatible for Editor in 0.31 ms, found 3 plugins.
Preloading 0 native plugins for Editor in 0.00 ms.
Unloading 2253 Unused Serialized files (Serialized files now loaded: 0)
System memory in use before: 198.0 MB.
System memory in use after: 197.3 MB.

Unloading 139 unused Assets to reduce memory usage. Loaded Objects now: 2730.
Total: 2.555250 ms (FindLiveObjects: 0.092084 ms CreateObjectMapping: 0.044959 ms MarkObjects: 2.011666 ms  DeleteObjects: 0.405625 ms)

AssetImportParameters requested are different than current active one (requested -> active):
  custom:video-decoder-ogg-theora: a1e56fd34408186e4bbccfd4996cb3dc -> 
  custom:container-muxer-webm: aa71ff27fc2769a1b78a27578f13a17b -> 
  custom:container-demuxer-webm: 4f35f7cbe854078d1ac9338744f61a02 -> 
  custom:container-demuxer-ogg: 62fdf1f143b41e24485cea50d1cbac27 -> 
  custom:video-encoder-webm-vp8: eb34c28f22e8b96e1ab97ce403110664 -> 
  custom:framework-osx-AVFoundation: e770b220cccbd017edd2c1fefb359320 -> 
  custom:video-decoder-webm-vp8: 9c59270c3fd7afecdb556c50c9e8de78 -> 
  custom:audio-decoder-ogg-vorbis: bf7c407c2cedff20999df2af8eb42d56 -> 
  custom:audio-encoder-webm-vorbis: bf7c407c2cedff20999df2af8eb42d56 -> 
========================================================================
Received Import Request.
  path: Assets/Tiles/Tiles_TIERRA.png
  artifactKey: Guid(9d0dadb181abc4da4836c1f903bb248a) Importer(815301076,1909f56bfc062723c751e8b465ee728b)
Start importing Assets/Tiles/Tiles_TIERRA.png using Guid(9d0dadb181abc4da4836c1f903bb248a) Importer(815301076,1909f56bfc062723c751e8b465ee728b)  -> (artifact id: '3d13eb16f62673c0069176fbcd1144db') in 0.229044 seconds 
  Import took 0.234645 seconds .

========================================================================
Received Import Request.
  Time since last request: 20.725659 seconds.
  path: Assets/Tiles/TilesPaleta/Pueblo/PaletaPueblo.prefab
  artifactKey: Guid(4d961a0d17a924583a62029bfe2020a5) Importer(815301076,1909f56bfc062723c751e8b465ee728b)
Start importing Assets/Tiles/TilesPaleta/Pueblo/PaletaPueblo.prefab using Guid(4d961a0d17a924583a62029bfe2020a5) Importer(815301076,1909f56bfc062723c751e8b465ee728b)  -> (artifact id: '811210e876f06e4ca4b0b024c6db7d13') in 0.146454 seconds 
  Import took 0.152230 seconds .

========================================================================
Received Import Request.
  Time since last request: 39.306581 seconds.
  path: Assets/Tiles/TilesPaleta/Pueblo/PaletaPueblo.prefab
  artifactKey: Guid(4d961a0d17a924583a62029bfe2020a5) Importer(815301076,1909f56bfc062723c751e8b465ee728b)
Start importing Assets/Tiles/TilesPaleta/Pueblo/PaletaPueblo.prefab using Guid(4d961a0d17a924583a62029bfe2020a5) Importer(815301076,1909f56bfc062723c751e8b465ee728b)  -> (artifact id: '96ad99be91f42163c6ca413dca3b90ac') in 0.012208 seconds 
  Import took 0.015411 seconds .

========================================================================
Received Import Request.
  Time since last request: 43.694640 seconds.
  path: Assets/Sprites/Characters/CHAR1/CHAR1_Idle.png
  artifactKey: Guid(9abd893583d394ae694a8d3b00c4486d) Importer(815301076,1909f56bfc062723c751e8b465ee728b)
Start importing Assets/Sprites/Characters/CHAR1/CHAR1_Idle.png using Guid(9abd893583d394ae694a8d3b00c4486d) Importer(815301076,1909f56bfc062723c751e8b465ee728b)  -> (artifact id: 'fd0999868f56ae8addefd9b7302b8093') in 0.017826 seconds 
  Import took 0.021094 seconds .

========================================================================
Received Import Request.
  Time since last request: 359.319253 seconds.
  path: Assets/Tiles/TilesPaleta/Pueblo/PaletaPueblo.prefab
  artifactKey: Guid(4d961a0d17a924583a62029bfe2020a5) Importer(815301076,1909f56bfc062723c751e8b465ee728b)
Start importing Assets/Tiles/TilesPaleta/Pueblo/PaletaPueblo.prefab using Guid(4d961a0d17a924583a62029bfe2020a5) Importer(815301076,1909f56bfc062723c751e8b465ee728b)  -> (artifact id: 'fd22ca3c118c471a5dbd98f057081b23') in 0.016360 seconds 
  Import took 0.023226 seconds .

